  Performing Custom Build Tools
  Microsoft (R) Macro Assembler (x64) Version 14.26.28806.0
  Copyright (C) Microsoft Corporation.  All rights reserved.
  
   Assembling: wolfcrypt\src\aes_asm.asm
  crl.c
  internal.c
  wolfio.c
  keys.c
  ocsp.c
  ssl.c
  tls.c
  tls13.c
  aes.c
  arc4.c
  asn.c
  blake2b.c
  blake2s.c
  camellia.c
  chacha.c
  chacha20_poly1305.c
  cmac.c
  coding.c
  curve25519.c
  cpuid.c
  Compiling...
  des3.c
  dh.c
  dsa.c
  ecc.c
  ed25519.c
  error.c
  fe_operations.c
  ge_low_mem.c
  ge_operations.c
  hash.c
  hc128.c
  hmac.c
  idea.c
  integer.c
  logging.c
  md2.c
  md4.c
  md5.c
  memory.c
  pkcs7.c
  Compiling...
  pkcs12.c
  poly1305.c
  pwdbased.c
  rabbit.c
  random.c
  ripemd.c
  rsa.c
  sha.c
  sha256.c
  sha3.c
  sha512.c
  signature.c
  sp_c32.c
  sp_c64.c
  sp_int.c
  sp_x86_64.c
  srp.c
  tfm.c
  wc_encrypt.c
  wc_pkcs11.c
  Compiling...
  wc_port.c
  wolfmath.c
  wolfevent.c
  wolfssl.vcxproj -> C:\Users\Administrator\Desktop\loader\client\lib\x64\Release\wolfssl.lib
